<?xml version="1.0" encoding="UTF-8"?>
<testsuite name="com.csuxac.CsuXacTest" tests="5" skipped="0" failures="0" errors="0" timestamp="2025-08-22T14:53:30" hostname="cursor" time="0.323">
  <properties/>
  <testcase name="test configuration loading()" classname="com.csuxac.CsuXacTest" time="0.24"/>
  <testcase name="test full system startup and shutdown()" classname="com.csuxac.CsuXacTest" time="0.303"/>
  <testcase name="test monitoring dashboard startup and shutdown()" classname="com.csuxac.CsuXacTest" time="0.291"/>
  <testcase name="test security engine startup and shutdown()" classname="com.csuxac.CsuXacTest" time="0.055"/>
  <testcase name="test cluster manager startup and shutdown()" classname="com.csuxac.CsuXacTest" time="0.323"/>
  <system-out><![CDATA[14:53:30.773 [ForkJoinPool-1-worker-4] INFO com.csuxac.util.logging.Logger -- Starting Monitoring Dashboard...
14:53:30.780 [ForkJoinPool-1-worker-4] INFO com.csuxac.util.logging.Logger -- Starting Security Engine...
14:53:30.780 [ForkJoinPool-1-worker-4] INFO com.csuxac.util.logging.Logger -- Starting CsuXac Ultimate Minecraft Anti-Cheat Infrastructure...
14:53:30.780 [ForkJoinPool-1-worker-4] INFO com.csuxac.util.logging.Logger -- Configuration loaded successfully
14:53:30.780 [ForkJoinPool-1-worker-4] INFO com.csuxac.util.logging.Logger -- Starting Security Engine...
14:53:30.780 [ForkJoinPool-1-worker-4] INFO com.csuxac.util.logging.Logger -- Security Engine started
14:53:30.780 [ForkJoinPool-1-worker-4] INFO com.csuxac.util.logging.Logger -- Starting Cluster Manager...
14:53:30.780 [ForkJoinPool-1-worker-4] INFO com.csuxac.util.logging.Logger -- Cluster Manager started in standalone mode
14:53:30.780 [ForkJoinPool-1-worker-4] INFO com.csuxac.util.logging.Logger -- Starting Monitoring Dashboard...
14:53:30.781 [ForkJoinPool-1-worker-4] INFO com.csuxac.util.logging.Logger -- Monitoring Dashboard started on port 8080
14:53:30.781 [ForkJoinPool-1-worker-4] INFO com.csuxac.util.logging.Logger -- CsuXac started successfully
14:53:30.781 [ForkJoinPool-1-worker-4] INFO com.csuxac.util.logging.Logger -- Shutting down CsuXac...
14:53:30.781 [ForkJoinPool-1-worker-4] INFO com.csuxac.util.logging.Logger -- Stopping Monitoring Dashboard...
14:53:30.781 [ForkJoinPool-1-worker-4] INFO com.csuxac.util.logging.Logger -- Monitoring Dashboard stopped
14:53:30.781 [ForkJoinPool-1-worker-4] INFO com.csuxac.util.logging.Logger -- Stopping Cluster Manager...
14:53:30.781 [ForkJoinPool-1-worker-4] INFO com.csuxac.util.logging.Logger -- Cluster Manager stopped
14:53:30.781 [ForkJoinPool-1-worker-4] INFO com.csuxac.util.logging.Logger -- Stopping Security Engine...
14:53:30.781 [ForkJoinPool-1-worker-4] INFO com.csuxac.util.logging.Logger -- Security Engine stopped
14:53:30.781 [ForkJoinPool-1-worker-4] INFO com.csuxac.util.logging.Logger -- CsuXac shut down successfully
14:53:30.781 [ForkJoinPool-1-worker-4] INFO com.csuxac.util.logging.Logger -- Monitoring Dashboard started on port 8080
14:53:30.781 [ForkJoinPool-1-worker-4] INFO com.csuxac.util.logging.Logger -- Stopping Monitoring Dashboard...
14:53:30.781 [ForkJoinPool-1-worker-4] INFO com.csuxac.util.logging.Logger -- Monitoring Dashboard stopped
14:53:30.781 [ForkJoinPool-1-worker-4] INFO com.csuxac.util.logging.Logger -- Security Engine started
14:53:30.781 [ForkJoinPool-1-worker-4] INFO com.csuxac.util.logging.Logger -- Stopping Security Engine...
14:53:30.781 [ForkJoinPool-1-worker-4] INFO com.csuxac.util.logging.Logger -- Security Engine stopped
14:53:30.788 [ForkJoinPool-1-worker-4] INFO com.csuxac.util.logging.Logger -- Starting Cluster Manager...
14:53:30.788 [ForkJoinPool-1-worker-4] INFO com.csuxac.util.logging.Logger -- Cluster Manager started in standalone mode
14:53:30.788 [ForkJoinPool-1-worker-4] INFO com.csuxac.util.logging.Logger -- Stopping Cluster Manager...
14:53:30.788 [ForkJoinPool-1-worker-4] INFO com.csuxac.util.logging.Logger -- Cluster Manager stopped
]]></system-out>
  <system-err><![CDATA[SLF4J: A number (25) of logging calls during the initialization phase have been intercepted and are
SLF4J: now being replayed. These are subject to the filtering rules of the underlying logging system.
SLF4J: See also https://www.slf4j.org/codes.html#replay
]]></system-err>
</testsuite>
